# JRE version: Java(TM) SE Runtime Environment 18.9 (11.0.15.1+2) (build 11.0.15.1+2-LTS-10)
# Java VM: Java HotSpot(TM) 64-Bit Server VM 18.9 (11.0.15.1+2-LTS-10, mixed mode, tiered, compressed oops, g1 gc, windows-amd64)
Heap:
 garbage-first heap   total 145408K, used 41815K [0x00000000c3200000, 0x0000000100000000)
  region size 1024K, 11 young (11264K), 4 survivors (4096K)
 Metaspace       used 65953K, capacity 68095K, committed 68144K, reserved 1107968K
  class space    used 8463K, capacity 9324K, committed 9344K, reserved 1048576K
GC Heap History (10 events):
Event: 59.389 GC heap before
{Heap before GC invocations=20 (full 0):
 garbage-first heap   total 145408K, used 107234K [0x00000000c3200000, 0x0000000100000000)
  region size 1024K, 77 young (78848K), 7 survivors (7168K)
 Metaspace       used 65952K, capacity 68095K, committed 68144K, reserved 1107968K
  class space    used 8462K, capacity 9324K, committed 9344K, reserved 1048576K
}
Event: 59.406 GC heap after
{Heap after GC invocations=21 (full 0):
 garbage-first heap   total 145408K, used 36026K [0x00000000c3200000, 0x0000000100000000)
  region size 1024K, 4 young (4096K), 4 survivors (4096K)
 Metaspace       used 65952K, capacity 68095K, committed 68144K, reserved 1107968K
  class space    used 8462K, capacity 9324K, committed 9344K, reserved 1048576K
}
Event: 63.008 GC heap before
{Heap before GC invocations=21 (full 0):
 garbage-first heap   total 145408K, used 114874K [0x00000000c3200000, 0x0000000100000000)
  region size 1024K, 81 young (82944K), 4 survivors (4096K)
 Metaspace       used 65953K, capacity 68095K, committed 68144K, reserved 1107968K
  class space    used 8463K, capacity 9324K, committed 9344K, reserved 1048576K
}
Event: 63.017 GC heap after
{Heap after GC invocations=22 (full 0):
 garbage-first heap   total 145408K, used 35950K [0x00000000c3200000, 0x0000000100000000)
  region size 1024K, 4 young (4096K), 4 survivors (4096K)
 Metaspace       used 65953K, capacity 68095K, committed 68144K, reserved 1107968K
  class space    used 8463K, capacity 9324K, committed 9344K, reserved 1048576K
}
Event: 66.286 GC heap before
{Heap before GC invocations=22 (full 0):
 garbage-first heap   total 145408K, used 115822K [0x00000000c3200000, 0x0000000100000000)
  region size 1024K, 82 young (83968K), 4 survivors (4096K)
 Metaspace       used 65953K, capacity 68095K, committed 68144K, reserved 1107968K
  class space    used 8463K, capacity 9324K, committed 9344K, reserved 1048576K
}
Event: 66.295 GC heap after
{Heap after GC invocations=23 (full 0):
 garbage-first heap   total 145408K, used 35685K [0x00000000c3200000, 0x0000000100000000)
  region size 1024K, 4 young (4096K), 4 survivors (4096K)
 Metaspace       used 65953K, capacity 68095K, committed 68144K, reserved 1107968K
  class space    used 8463K, capacity 9324K, committed 9344K, reserved 1048576K
}
Event: 69.881 GC heap before
{Heap before GC invocations=23 (full 0):
 garbage-first heap   total 145408K, used 117605K [0x00000000c3200000, 0x0000000100000000)
  region size 1024K, 84 young (86016K), 4 survivors (4096K)
 Metaspace       used 65953K, capacity 68095K, committed 68144K, reserved 1107968K
  class space    used 8463K, capacity 9324K, committed 9344K, reserved 1048576K
}
Event: 69.892 GC heap after
{Heap after GC invocations=24 (full 0):
 garbage-first heap   total 145408K, used 35674K [0x00000000c3200000, 0x0000000100000000)
  region size 1024K, 4 young (4096K), 4 survivors (4096K)
 Metaspace       used 65953K, capacity 68095K, committed 68144K, reserved 1107968K
  class space    used 8463K, capacity 9324K, committed 9344K, reserved 1048576K
}
Event: 75.685 GC heap before
{Heap before GC invocations=24 (full 0):
 garbage-first heap   total 145408K, used 117594K [0x00000000c3200000, 0x0000000100000000)
  region size 1024K, 85 young (87040K), 4 survivors (4096K)
 Metaspace       used 65953K, capacity 68095K, committed 68144K, reserved 1107968K
  class space    used 8463K, capacity 9324K, committed 9344K, reserved 1048576K
}
Event: 75.704 GC heap after
{Heap after GC invocations=25 (full 0):
 garbage-first heap   total 145408K, used 35671K [0x00000000c3200000, 0x0000000100000000)
  region size 1024K, 4 young (4096K), 4 survivors (4096K)
 Metaspace       used 65953K, capacity 68095K, committed 68144K, reserved 1107968K
  class space    used 8463K, capacity 9324K, committed 9344K, reserved 1048576K
}

